<?xml version="1.0" encoding="UTF-8"?>
<testsuite name="com.kincoom.admin.web.IndexControllerTest" tests="1" skipped="0" failures="0" errors="0" timestamp="2020-02-11T11:09:57" hostname="DESKTOP-7VDAJ3S" time="0.253">
  <properties/>
  <testcase name="메인페이지_로딩" classname="com.kincoom.admin.web.IndexControllerTest" time="0.253"/>
  <system-out><![CDATA[2020-02-11 20:09:54.368  INFO 2548 --- [    Test worker] .b.t.c.SpringBootTestContextBootstrapper : Neither @ContextConfiguration nor @ContextHierarchy found for test class [com.kincoom.admin.web.IndexControllerTest], using SpringBootContextLoader
2020-02-11 20:09:54.369  INFO 2548 --- [    Test worker] o.s.t.c.support.AbstractContextLoader    : Could not detect default resource locations for test class [com.kincoom.admin.web.IndexControllerTest]: no resource found for suffixes {-context.xml, Context.groovy}.
2020-02-11 20:09:54.370  INFO 2548 --- [    Test worker] t.c.s.AnnotationConfigContextLoaderUtils : Could not detect default configuration classes for test class [com.kincoom.admin.web.IndexControllerTest]: IndexControllerTest does not declare any static, non-private, non-final, nested classes annotated with @Configuration.
2020-02-11 20:09:54.381  INFO 2548 --- [    Test worker] .b.t.c.SpringBootTestContextBootstrapper : Found @SpringBootConfiguration com.kincoom.admin.Application for test class com.kincoom.admin.web.IndexControllerTest
2020-02-11 20:09:54.383  INFO 2548 --- [    Test worker] .b.t.c.SpringBootTestContextBootstrapper : Loaded default TestExecutionListener class names from location [META-INF/spring.factories]: [org.springframework.security.test.context.support.WithSecurityContextTestExecutionListener, org.springframework.security.test.context.support.ReactorContextTestExecutionListener, org.springframework.boot.test.autoconfigure.restdocs.RestDocsTestExecutionListener, org.springframework.boot.test.autoconfigure.web.client.MockRestServiceServerResetTestExecutionListener, org.springframework.boot.test.autoconfigure.web.servlet.MockMvcPrintOnlyOnFailureTestExecutionListener, org.springframework.boot.test.autoconfigure.web.servlet.WebDriverTestExecutionListener, org.springframework.boot.test.mock.mockito.MockitoTestExecutionListener, org.springframework.boot.test.mock.mockito.ResetMocksTestExecutionListener, org.springframework.test.context.web.ServletTestExecutionListener, org.springframework.test.context.support.DirtiesContextBeforeModesTestExecutionListener, org.springframework.test.context.support.DependencyInjectionTestExecutionListener, org.springframework.test.context.support.DirtiesContextTestExecutionListener, org.springframework.test.context.transaction.TransactionalTestExecutionListener, org.springframework.test.context.jdbc.SqlScriptsTestExecutionListener]
2020-02-11 20:09:54.383  INFO 2548 --- [    Test worker] .b.t.c.SpringBootTestContextBootstrapper : Using TestExecutionListeners: [org.springframework.test.context.web.ServletTestExecutionListener@199936b9, org.springframework.test.context.support.DirtiesContextBeforeModesTestExecutionListener@32c76c56, org.springframework.boot.test.mock.mockito.MockitoTestExecutionListener@1a7e1fb6, org.springframework.boot.test.autoconfigure.SpringBootDependencyInjectionTestExecutionListener@4613bff6, org.springframework.test.context.support.DirtiesContextTestExecutionListener@16ef6573, org.springframework.test.context.transaction.TransactionalTestExecutionListener@1fc30e24, org.springframework.test.context.jdbc.SqlScriptsTestExecutionListener@752a21c5, org.springframework.security.test.context.support.WithSecurityContextTestExecutionListener@2e1dcc99, org.springframework.security.test.context.support.ReactorContextTestExecutionListener@4334e0d4, org.springframework.boot.test.autoconfigure.restdocs.RestDocsTestExecutionListener@448174b8, org.springframework.boot.test.autoconfigure.web.client.MockRestServiceServerResetTestExecutionListener@608151e4, org.springframework.boot.test.autoconfigure.web.servlet.MockMvcPrintOnlyOnFailureTestExecutionListener@20b82069, org.springframework.boot.test.autoconfigure.web.servlet.WebDriverTestExecutionListener@446e56ea, org.springframework.boot.test.mock.mockito.ResetMocksTestExecutionListener@b05de6b]

  .   ____          _            __ _ _
 /\\ / ___'_ __ _ _(_)_ __  __ _ \ \ \ \
( ( )\___ | '_ | '_| | '_ \/ _` | \ \ \ \
 \\/  ___)| |_)| | | | | || (_| |  ) ) ) )
  '  |____| .__|_| |_|_| |_\__, | / / / /
 =========|_|==============|___/=/_/_/_/
 :: Spring Boot ::        (v2.1.7.RELEASE)

2020-02-11 20:09:54.419  INFO 2548 --- [    Test worker] c.kincoom.admin.web.IndexControllerTest  : Starting IndexControllerTest on DESKTOP-7VDAJ3S with PID 2548 (started by KiJin in C:\Users\kinco\IdeaProjects\springbood-webservice)
2020-02-11 20:09:54.419  INFO 2548 --- [    Test worker] c.kincoom.admin.web.IndexControllerTest  : No active profile set, falling back to default profiles: default
2020-02-11 20:09:54.646  INFO 2548 --- [    Test worker] .s.d.r.c.RepositoryConfigurationDelegate : Bootstrapping Spring Data repositories in DEFAULT mode.
2020-02-11 20:09:54.667  INFO 2548 --- [    Test worker] .s.d.r.c.RepositoryConfigurationDelegate : Finished Spring Data repository scanning in 21ms. Found 2 repository interfaces.
2020-02-11 20:09:54.774  INFO 2548 --- [    Test worker] trationDelegate$BeanPostProcessorChecker : Bean 'org.springframework.transaction.annotation.ProxyTransactionManagementConfiguration' of type [org.springframework.transaction.annotation.ProxyTransactionManagementConfiguration$$EnhancerBySpringCGLIB$$350503ea] is not eligible for getting processed by all BeanPostProcessors (for example: not eligible for auto-proxying)
2020-02-11 20:09:55.149  INFO 2548 --- [    Test worker] o.s.b.w.embedded.tomcat.TomcatWebServer  : Tomcat initialized with port(s): 0 (http)
2020-02-11 20:09:55.188  INFO 2548 --- [    Test worker] o.apache.catalina.core.StandardService   : Starting service [Tomcat]
2020-02-11 20:09:55.193  INFO 2548 --- [    Test worker] org.apache.catalina.core.StandardEngine  : Starting Servlet engine: [Apache Tomcat/9.0.22]
2020-02-11 20:09:55.390  INFO 2548 --- [    Test worker] o.a.c.c.C.[Tomcat].[localhost].[/]       : Initializing Spring embedded WebApplicationContext
2020-02-11 20:09:55.390  INFO 2548 --- [    Test worker] o.s.web.context.ContextLoader            : Root WebApplicationContext: initialization completed in 971 ms
2020-02-11 20:09:55.636  INFO 2548 --- [    Test worker] com.zaxxer.hikari.HikariDataSource       : HikariPool-2 - Starting...
2020-02-11 20:09:55.637  INFO 2548 --- [    Test worker] com.zaxxer.hikari.HikariDataSource       : HikariPool-2 - Start completed.
2020-02-11 20:09:55.680  INFO 2548 --- [    Test worker] o.hibernate.jpa.internal.util.LogHelper  : HHH000204: Processing PersistenceUnitInfo [
	name: default
	...]
2020-02-11 20:09:55.692  INFO 2548 --- [    Test worker] org.hibernate.dialect.Dialect            : HHH000400: Using dialect: org.hibernate.dialect.MySQL5InnoDBDialect
Hibernate: drop table if exists posts
Hibernate: drop table if exists user
Hibernate: create table posts (id bigint not null auto_increment, created_date datetime, modified_date datetime, author varchar(255), content TEXT not null, title varchar(500) not null, primary key (id)) engine=InnoDB
Hibernate: create table user (id bigint not null auto_increment, created_date datetime, modified_date datetime, email varchar(255) not null, name varchar(255) not null, picture varchar(255), role varchar(255), primary key (id)) engine=InnoDB
2020-02-11 20:09:55.753  INFO 2548 --- [    Test worker] o.h.t.schema.internal.SchemaCreatorImpl  : HHH000476: Executing import script 'org.hibernate.tool.schema.internal.exec.ScriptSourceInputNonExistentImpl@2cc7e845'
2020-02-11 20:09:55.755  INFO 2548 --- [    Test worker] j.LocalContainerEntityManagerFactoryBean : Initialized JPA EntityManagerFactory for persistence unit 'default'
2020-02-11 20:09:56.121  INFO 2548 --- [    Test worker] o.h.h.i.QueryTranslatorFactoryInitiator  : HHH000397: Using ASTQueryTranslatorFactory
2020-02-11 20:09:56.334  INFO 2548 --- [    Test worker] o.s.s.web.DefaultSecurityFilterChain     : Creating filter chain: any request, [org.springframework.security.web.context.request.async.WebAsyncManagerIntegrationFilter@bc46cef, org.springframework.security.web.context.SecurityContextPersistenceFilter@221041d1, org.springframework.security.web.header.HeaderWriterFilter@3e08808d, org.springframework.security.web.authentication.logout.LogoutFilter@59e9bfb0, org.springframework.security.oauth2.client.web.OAuth2AuthorizationRequestRedirectFilter@20c2c8fe, org.springframework.security.oauth2.client.web.OAuth2LoginAuthenticationFilter@7245a8ef, org.springframework.security.web.authentication.ui.DefaultLoginPageGeneratingFilter@79d76792, org.springframework.security.web.authentication.ui.DefaultLogoutPageGeneratingFilter@4e90ef43, org.springframework.security.web.savedrequest.RequestCacheAwareFilter@2b276a6c, org.springframework.security.web.servletapi.SecurityContextHolderAwareRequestFilter@51518b6d, org.springframework.security.web.authentication.AnonymousAuthenticationFilter@78234b57, org.springframework.security.web.session.SessionManagementFilter@7daaa09d, org.springframework.security.web.access.ExceptionTranslationFilter@2235717e, org.springframework.security.web.access.intercept.FilterSecurityInterceptor@1ccb3b57]
2020-02-11 20:09:56.590  INFO 2548 --- [    Test worker] o.s.s.concurrent.ThreadPoolTaskExecutor  : Initializing ExecutorService 'applicationTaskExecutor'
2020-02-11 20:09:56.605  WARN 2548 --- [    Test worker] aWebConfiguration$JpaWebMvcConfiguration : spring.jpa.open-in-view is enabled by default. Therefore, database queries may be performed during view rendering. Explicitly configure spring.jpa.open-in-view to disable this warning
2020-02-11 20:09:56.638  INFO 2548 --- [    Test worker] o.s.b.a.w.s.WelcomePageHandlerMapping    : Adding welcome page template: index
2020-02-11 20:09:56.972  INFO 2548 --- [    Test worker] s.a.ScheduledAnnotationBeanPostProcessor : No TaskScheduler/ScheduledExecutorService bean found for scheduled processing
2020-02-11 20:09:56.995  INFO 2548 --- [    Test worker] o.s.b.w.embedded.tomcat.TomcatWebServer  : Tomcat started on port(s): 53451 (http) with context path ''
2020-02-11 20:09:56.999  INFO 2548 --- [    Test worker] c.kincoom.admin.web.IndexControllerTest  : Started IndexControllerTest in 2.614 seconds (JVM running for 12.609)
2020-02-11 20:09:57.122  INFO 2548 --- [o-auto-1-exec-1] o.a.c.c.C.[Tomcat].[localhost].[/]       : Initializing Spring DispatcherServlet 'dispatcherServlet'
2020-02-11 20:09:57.122  INFO 2548 --- [o-auto-1-exec-1] o.s.web.servlet.DispatcherServlet        : Initializing Servlet 'dispatcherServlet'
2020-02-11 20:09:57.148  INFO 2548 --- [o-auto-1-exec-1] o.s.web.servlet.DispatcherServlet        : Completed initialization in 26 ms
Hibernate: select posts0_.id as id1_0_, posts0_.created_date as created_2_0_, posts0_.modified_date as modified3_0_, posts0_.author as author4_0_, posts0_.content as content5_0_, posts0_.title as title6_0_ from posts posts0_ order by posts0_.id DESC
]]></system-out>
  <system-err><![CDATA[]]></system-err>
</testsuite>
